Filename                      Regions    Missed Regions     Cover   Functions  Missed Functions  Executed       Lines      Missed Lines     Cover    Branches   Missed Branches     Cover
-----------------------------------------------------------------------------------------------------------------------------------------------------------------------------------------
main.rs                           102                 0   100.00%           1                 0   100.00%          63                 0   100.00%           0                 0         -
monitor.rs                        111                 0   100.00%           6                 0   100.00%          93                 0   100.00%           0                 0         -
process.rs                         21                 0   100.00%           2                 0   100.00%          15                 0   100.00%           0                 0         -
stats.rs                          410                 9    97.80%          22                 0   100.00%         187                 1    99.47%           0                 0         -
ui.rs                             163                 0   100.00%          14                 0   100.00%         122                 0   100.00%           0                 0         -
-----------------------------------------------------------------------------------------------------------------------------------------------------------------------------------------
TOTAL                             807                 9    98.88%          45                 0   100.00%         480                 1    99.79%           0                 0         -
